<?xml version="1.0" encoding="UTF-8"?>
<!-- Generated by org.testng.reporters.JUnitReportReporter -->
<testsuite skipped="0" hostname="LAPTOP-ARRJFBIM" name="com.crm.qa.tests.TasksPageTest" tests="2" failures="0" timestamp="06 Jan 2020 10:45:55 GMT" time="106.664" errors="0">
  <testcase name="selectTasksTest" time="48.136" classname="com.crm.qa.tests.TasksPageTest"/>
  <testcase name="verifyTasksPage" time="58.528" classname="com.crm.qa.tests.TasksPageTest"/>
</testsuite> <!-- com.crm.qa.tests.TasksPageTest -->
